C:\USERS\26346\DESKTOP\作业\DBA && CYAN && LIHUA\CYAN_DBA_LIHUA\CYAN_DBA_LIHUA\DEBUG\CHILDFRM.OBJ
C:\USERS\26346\DESKTOP\作业\DBA && CYAN && LIHUA\CYAN_DBA_LIHUA\CYAN_DBA_LIHUA\DEBUG\CIRCLE.OBJ
C:\Users\26346\Desktop\作业\DBA && Cyan && Lihua\Cyan_DBA_Lihua\Cyan_DBA_Lihua\Debug\cl.command.1.tlog
C:\Users\26346\Desktop\作业\DBA && Cyan && Lihua\Cyan_DBA_Lihua\Cyan_DBA_Lihua\Debug\CL.read.1.tlog
C:\Users\26346\Desktop\作业\DBA && Cyan && Lihua\Cyan_DBA_Lihua\Cyan_DBA_Lihua\Debug\CL.write.1.tlog
C:\USERS\26346\DESKTOP\作业\DBA && CYAN && LIHUA\CYAN_DBA_LIHUA\CYAN_DBA_LIHUA\DEBUG\CLASSVIEW.OBJ
C:\USERS\26346\DESKTOP\作业\DBA && CYAN && LIHUA\CYAN_DBA_LIHUA\CYAN_DBA_LIHUA\DEBUG\COLORTOOL.OBJ
C:\USERS\26346\DESKTOP\作业\DBA && CYAN && LIHUA\CYAN_DBA_LIHUA\CYAN_DBA_LIHUA\DEBUG\CYAN_DBA_LIHUA.EXE.EMBED.MANIFEST
C:\USERS\26346\DESKTOP\作业\DBA && CYAN && LIHUA\CYAN_DBA_LIHUA\CYAN_DBA_LIHUA\DEBUG\CYAN_DBA_LIHUA.EXE.EMBED.MANIFEST.RES
C:\Users\26346\Desktop\作业\DBA && Cyan && Lihua\Cyan_DBA_Lihua\Cyan_DBA_Lihua\Debug\Cyan_DBA_Lihua.exe.intermediate.manifest
C:\USERS\26346\DESKTOP\作业\DBA && CYAN && LIHUA\CYAN_DBA_LIHUA\CYAN_DBA_LIHUA\DEBUG\CYAN_DBA_LIHUA.OBJ
C:\USERS\26346\DESKTOP\作业\DBA && CYAN && LIHUA\CYAN_DBA_LIHUA\CYAN_DBA_LIHUA\DEBUG\CYAN_DBA_LIHUA.PCH
C:\USERS\26346\DESKTOP\作业\DBA && CYAN && LIHUA\CYAN_DBA_LIHUA\CYAN_DBA_LIHUA\DEBUG\CYAN_DBA_LIHUA.RES
C:\Users\26346\Desktop\作业\DBA && Cyan && Lihua\Cyan_DBA_Lihua\Cyan_DBA_Lihua\Debug\Cyan_DBA_Lihua.vcxprojResolveAssemblyReference.cache
C:\Users\26346\Desktop\作业\DBA && Cyan && Lihua\Cyan_DBA_Lihua\Cyan_DBA_Lihua\Debug\Cyan_DBA_Lihua.write.1.tlog
C:\Users\26346\Desktop\作业\DBA && Cyan && Lihua\Cyan_DBA_Lihua\Cyan_DBA_Lihua\Debug\Cyan_DBA_Lihua_manifest.rc
C:\USERS\26346\DESKTOP\作业\DBA && CYAN && LIHUA\CYAN_DBA_LIHUA\CYAN_DBA_LIHUA\DEBUG\CYAN_DBA_LIHUADOC.OBJ
C:\USERS\26346\DESKTOP\作业\DBA && CYAN && LIHUA\CYAN_DBA_LIHUA\CYAN_DBA_LIHUA\DEBUG\CYAN_DBA_LIHUAVIEW.OBJ
C:\USERS\26346\DESKTOP\作业\DBA && CYAN && LIHUA\CYAN_DBA_LIHUA\CYAN_DBA_LIHUA\DEBUG\DRAW.OBJ
C:\USERS\26346\DESKTOP\作业\DBA && CYAN && LIHUA\CYAN_DBA_LIHUA\CYAN_DBA_LIHUA\DEBUG\FILEVIEW.OBJ
C:\Users\26346\Desktop\作业\DBA && Cyan && Lihua\Cyan_DBA_Lihua\Cyan_DBA_Lihua\Debug\link.14484.read.1.tlog
C:\Users\26346\Desktop\作业\DBA && Cyan && Lihua\Cyan_DBA_Lihua\Cyan_DBA_Lihua\Debug\link.14484.write.1.tlog
C:\Users\26346\Desktop\作业\DBA && Cyan && Lihua\Cyan_DBA_Lihua\Cyan_DBA_Lihua\Debug\link.14484-cvtres.read.1.tlog
C:\Users\26346\Desktop\作业\DBA && Cyan && Lihua\Cyan_DBA_Lihua\Cyan_DBA_Lihua\Debug\link.14484-cvtres.write.1.tlog
C:\Users\26346\Desktop\作业\DBA && Cyan && Lihua\Cyan_DBA_Lihua\Cyan_DBA_Lihua\Debug\link.4352.read.1.tlog
C:\Users\26346\Desktop\作业\DBA && Cyan && Lihua\Cyan_DBA_Lihua\Cyan_DBA_Lihua\Debug\link.4352.write.1.tlog
C:\Users\26346\Desktop\作业\DBA && Cyan && Lihua\Cyan_DBA_Lihua\Cyan_DBA_Lihua\Debug\link.4352-cvtres.read.1.tlog
C:\Users\26346\Desktop\作业\DBA && Cyan && Lihua\Cyan_DBA_Lihua\Cyan_DBA_Lihua\Debug\link.4352-cvtres.write.1.tlog
C:\Users\26346\Desktop\作业\DBA && Cyan && Lihua\Cyan_DBA_Lihua\Cyan_DBA_Lihua\Debug\link.4792.read.1.tlog
C:\Users\26346\Desktop\作业\DBA && Cyan && Lihua\Cyan_DBA_Lihua\Cyan_DBA_Lihua\Debug\link.4792.write.1.tlog
C:\Users\26346\Desktop\作业\DBA && Cyan && Lihua\Cyan_DBA_Lihua\Cyan_DBA_Lihua\Debug\link.4792-cvtres.read.1.tlog
C:\Users\26346\Desktop\作业\DBA && Cyan && Lihua\Cyan_DBA_Lihua\Cyan_DBA_Lihua\Debug\link.4792-cvtres.write.1.tlog
C:\Users\26346\Desktop\作业\DBA && Cyan && Lihua\Cyan_DBA_Lihua\Cyan_DBA_Lihua\Debug\link.564.read.1.tlog
C:\Users\26346\Desktop\作业\DBA && Cyan && Lihua\Cyan_DBA_Lihua\Cyan_DBA_Lihua\Debug\link.564.write.1.tlog
C:\Users\26346\Desktop\作业\DBA && Cyan && Lihua\Cyan_DBA_Lihua\Cyan_DBA_Lihua\Debug\link.564-cvtres.read.1.tlog
C:\Users\26346\Desktop\作业\DBA && Cyan && Lihua\Cyan_DBA_Lihua\Cyan_DBA_Lihua\Debug\link.564-cvtres.write.1.tlog
C:\Users\26346\Desktop\作业\DBA && Cyan && Lihua\Cyan_DBA_Lihua\Cyan_DBA_Lihua\Debug\link.6380.read.1.tlog
C:\Users\26346\Desktop\作业\DBA && Cyan && Lihua\Cyan_DBA_Lihua\Cyan_DBA_Lihua\Debug\link.6380.write.1.tlog
C:\Users\26346\Desktop\作业\DBA && Cyan && Lihua\Cyan_DBA_Lihua\Cyan_DBA_Lihua\Debug\link.6380-cvtres.read.1.tlog
C:\Users\26346\Desktop\作业\DBA && Cyan && Lihua\Cyan_DBA_Lihua\Cyan_DBA_Lihua\Debug\link.6380-cvtres.write.1.tlog
C:\Users\26346\Desktop\作业\DBA && Cyan && Lihua\Cyan_DBA_Lihua\Cyan_DBA_Lihua\Debug\link.command.1.tlog
C:\Users\26346\Desktop\作业\DBA && Cyan && Lihua\Cyan_DBA_Lihua\Cyan_DBA_Lihua\Debug\link.read.1.tlog
C:\Users\26346\Desktop\作业\DBA && Cyan && Lihua\Cyan_DBA_Lihua\Cyan_DBA_Lihua\Debug\link.write.1.tlog
C:\Users\26346\Desktop\作业\DBA && Cyan && Lihua\Cyan_DBA_Lihua\Cyan_DBA_Lihua\Debug\link-cvtres.read.1.tlog
C:\Users\26346\Desktop\作业\DBA && Cyan && Lihua\Cyan_DBA_Lihua\Cyan_DBA_Lihua\Debug\link-cvtres.write.1.tlog
C:\USERS\26346\DESKTOP\作业\DBA && CYAN && LIHUA\CYAN_DBA_LIHUA\CYAN_DBA_LIHUA\DEBUG\MAINFRM.OBJ
C:\Users\26346\Desktop\作业\DBA && Cyan && Lihua\Cyan_DBA_Lihua\Cyan_DBA_Lihua\Debug\mt.command.1.tlog
C:\Users\26346\Desktop\作业\DBA && Cyan && Lihua\Cyan_DBA_Lihua\Cyan_DBA_Lihua\Debug\mt.read.1.tlog
C:\Users\26346\Desktop\作业\DBA && Cyan && Lihua\Cyan_DBA_Lihua\Cyan_DBA_Lihua\Debug\mt.write.1.tlog
C:\USERS\26346\DESKTOP\作业\DBA && CYAN && LIHUA\CYAN_DBA_LIHUA\CYAN_DBA_LIHUA\DEBUG\OUTPUTWND.OBJ
C:\USERS\26346\DESKTOP\作业\DBA && CYAN && LIHUA\CYAN_DBA_LIHUA\CYAN_DBA_LIHUA\DEBUG\PLINE.OBJ
C:\USERS\26346\DESKTOP\作业\DBA && CYAN && LIHUA\CYAN_DBA_LIHUA\CYAN_DBA_LIHUA\DEBUG\PROPERTIESWND.OBJ
C:\Users\26346\Desktop\作业\DBA && Cyan && Lihua\Cyan_DBA_Lihua\Cyan_DBA_Lihua\Debug\rc.command.1.tlog
C:\Users\26346\Desktop\作业\DBA && Cyan && Lihua\Cyan_DBA_Lihua\Cyan_DBA_Lihua\Debug\rc.read.1.tlog
C:\Users\26346\Desktop\作业\DBA && Cyan && Lihua\Cyan_DBA_Lihua\Cyan_DBA_Lihua\Debug\rc.write.1.tlog
C:\USERS\26346\DESKTOP\作业\DBA && CYAN && LIHUA\CYAN_DBA_LIHUA\CYAN_DBA_LIHUA\DEBUG\STDAFX.OBJ
C:\USERS\26346\DESKTOP\作业\DBA && CYAN && LIHUA\CYAN_DBA_LIHUA\CYAN_DBA_LIHUA\DEBUG\TEXT.OBJ
C:\USERS\26346\DESKTOP\作业\DBA && CYAN && LIHUA\CYAN_DBA_LIHUA\CYAN_DBA_LIHUA\DEBUG\TEXTDLG.OBJ
C:\Users\26346\Desktop\作业\DBA && Cyan && Lihua\Cyan_DBA_Lihua\Cyan_DBA_Lihua\Debug\vc100.idb
C:\USERS\26346\DESKTOP\作业\DBA && CYAN && LIHUA\CYAN_DBA_LIHUA\CYAN_DBA_LIHUA\DEBUG\VC100.PDB
C:\USERS\26346\DESKTOP\作业\DBA && CYAN && LIHUA\CYAN_DBA_LIHUA\CYAN_DBA_LIHUA\DEBUG\VIEWTREE.OBJ
C:\Users\26346\Desktop\作业\DBA && Cyan && Lihua\Cyan_DBA_Lihua\Debug\Cyan_DBA_Lihua.pdb
