生成启动时间为 2022/5/23 20:29:55。
     1>项目“D:\作业成品\VC开发小组作业\VC开发小组作业\Cyan_DBA_Lihua\Cyan_DBA_Lihua\Cyan_DBA_Lihua\Cyan_DBA_Lihua.vcxproj”在节点 2 上(build 个目标)。
     1>InitializeBuildStatus:
         正在创建“Debug\Cyan_DBA_Lihua.unsuccessfulbuild”，因为已指定“AlwaysCreate”。
       ClCompile:
         所有输出均为最新。
         所有输出均为最新。
       ResourceCompile:
         所有输出均为最新。
       ManifestResourceCompile:
         所有输出均为最新。
       Link:
         所有输出均为最新。
       Manifest:
         C:\Program Files (x86)\Microsoft SDKs\Windows\v7.0A\bin\mt.exe /nologo /verbose /out:"Debug\Cyan_DBA_Lihua.exe.embed.manifest" /manifest Debug\Cyan_DBA_Lihua.exe.intermediate.manifest d:\VS2010\VC\Include\Manifest\dpiaware.manifest
         所有输出均为最新。
       FinalizeBuildStatus:
         正在删除文件“Debug\Cyan_DBA_Lihua.unsuccessfulbuild”。
         正在对“Debug\Cyan_DBA_Lihua.lastbuildstate”执行 Touch 任务。
     1>已完成生成项目“D:\作业成品\VC开发小组作业\VC开发小组作业\Cyan_DBA_Lihua\Cyan_DBA_Lihua\Cyan_DBA_Lihua\Cyan_DBA_Lihua.vcxproj”(build 个目标)的操作。

生成成功。

已用时间 00:00:00.12
